<?xml version="1.0" encoding="UTF-8"?>
<testng-results ignored="0" total="1" passed="1" failed="0" skipped="0">
  <reporter-output>
  </reporter-output>
  <suite started-at="2025-07-21T03:14:32 IST" name="Default suite" finished-at="2025-07-21T03:14:37 IST" duration-ms="5586">
    <groups>
    </groups>
    <test started-at="2025-07-21T03:14:32 IST" name="Default test" finished-at="2025-07-21T03:14:37 IST" duration-ms="5586">
      <class name="script.LoginPageTest">
        <test-method is-config="true" signature="beforeSuite()[pri:0, instance:script.LoginPageTest@6ccdb29f]" started-at="2025-07-21T03:14:32 IST" name="beforeSuite" finished-at="2025-07-21T03:14:32 IST" duration-ms="9" status="PASS">
          <reporter-output>
          </reporter-output>
        </test-method> <!-- beforeSuite -->
        <test-method is-config="true" signature="setup()[pri:0, instance:script.LoginPageTest@6ccdb29f]" started-at="2025-07-21T03:14:32 IST" name="setup" finished-at="2025-07-21T03:14:36 IST" duration-ms="4480" status="PASS">
          <reporter-output>
          </reporter-output>
        </test-method> <!-- setup -->
        <test-method signature="verifyLoginPageTitle()[pri:0, instance:script.LoginPageTest@6ccdb29f]" started-at="2025-07-21T03:14:36 IST" name="verifyLoginPageTitle" description="Verify OrangeHRM Login Page Title from Excel Data" finished-at="2025-07-21T03:14:37 IST" duration-ms="754" status="PASS">
          <reporter-output>
          </reporter-output>
        </test-method> <!-- verifyLoginPageTitle -->
        <test-method is-config="true" signature="teardown()[pri:0, instance:script.LoginPageTest@6ccdb29f]" started-at="2025-07-21T03:14:37 IST" name="teardown" finished-at="2025-07-21T03:14:37 IST" duration-ms="252" status="PASS">
          <reporter-output>
          </reporter-output>
        </test-method> <!-- teardown -->
      </class> <!-- script.LoginPageTest -->
    </test> <!-- Default test -->
  </suite> <!-- Default suite -->
</testng-results>
