<?xml version="1.0" encoding="UTF-8"?>
<testng-results ignored="0" total="1" passed="1" failed="0" skipped="0">
  <reporter-output>
  </reporter-output>
  <suite started-at="2025-07-21T05:24:36 IST" name="Default suite" finished-at="2025-07-21T05:24:48 IST" duration-ms="12224">
    <groups>
    </groups>
    <test started-at="2025-07-21T05:24:36 IST" name="Default test" finished-at="2025-07-21T05:24:48 IST" duration-ms="12224">
      <class name="script.OrangeHRMLoginTestGrid">
        <test-method is-config="true" signature="setup()[pri:0, instance:script.OrangeHRMLoginTestGrid@9ebe38b]" started-at="2025-07-21T05:24:36 IST" name="setup" finished-at="2025-07-21T05:24:37 IST" duration-ms="1512" status="PASS">
          <reporter-output>
          </reporter-output>
        </test-method> <!-- setup -->
        <test-method signature="testLogin()[pri:0, instance:script.OrangeHRMLoginTestGrid@9ebe38b]" started-at="2025-07-21T05:24:37 IST" name="testLogin" finished-at="2025-07-21T05:24:48 IST" duration-ms="10347" status="PASS">
          <reporter-output>
          </reporter-output>
        </test-method> <!-- testLogin -->
        <test-method is-config="true" signature="tearDown()[pri:0, instance:script.OrangeHRMLoginTestGrid@9ebe38b]" started-at="2025-07-21T05:24:48 IST" name="tearDown" finished-at="2025-07-21T05:24:48 IST" duration-ms="253" status="PASS">
          <reporter-output>
          </reporter-output>
        </test-method> <!-- tearDown -->
      </class> <!-- script.OrangeHRMLoginTestGrid -->
    </test> <!-- Default test -->
  </suite> <!-- Default suite -->
</testng-results>
